\BOOKMARK [0][-]{chapter.1}{\376\377\000C\000o\000n\000t\000e\000s\000t}{}% 1
\BOOKMARK [0][-]{chapter.2}{\376\377\000D\000a\000t\000a\000\040\000s\000t\000r\000u\000c\000t\000u\000r\000e\000s}{}% 2
\BOOKMARK [1][-]{section.2.1}{\376\377\000S\000t\000a\000c\000k}{chapter.2}% 3
\BOOKMARK [1][-]{section.2.2}{\376\377\000L\000i\000s\000t}{chapter.2}% 4
\BOOKMARK [1][-]{section.2.3}{\376\377\000O\000r\000d\000e\000r\000e\000d\000\040\000S\000e\000t}{chapter.2}% 5
\BOOKMARK [2][-]{subsection.2.3.1}{\376\377\000P\000y\000r\000a\000m\000i\000d\000\040\000A\000r\000r\000a\000y\000\040\000m\000i\000n\000-\000c\000o\000s\000t}{section.2.3}% 6
\BOOKMARK [1][-]{section.2.4}{\376\377\000I\000n\000t\000e\000r\000v\000a\000l\000\040\000S\000e\000t\000\040\000\050\000c\000o\000l\000o\000r\000\040\000u\000p\000d\000a\000t\000e\000\051}{chapter.2}% 7
\BOOKMARK [1][-]{section.2.5}{\376\377\000D\000i\000s\000j\000o\000i\000n\000t\000\040\000S\000e\000t\000\040\000U\000n\000i\000o\000n\000\040\000-\000\040\000D\000S\000U}{chapter.2}% 8
\BOOKMARK [2][-]{subsection.2.5.1}{\376\377\000D\000y\000n\000a\000m\000i\000c\000\040\000C\000o\000n\000n\000e\000c\000t\000i\000v\000i\000t\000y}{section.2.5}% 9
\BOOKMARK [1][-]{section.2.6}{\376\377\000T\000r\000i\000e}{chapter.2}% 10
\BOOKMARK [1][-]{section.2.7}{\376\377\000P\000r\000e\000f\000i\000x\000\040\000S\000u\000m\000\040\0002\000D}{chapter.2}% 11
\BOOKMARK [1][-]{section.2.8}{\376\377\000S\000p\000a\000r\000s\000e\000\040\000T\000a\000b\000l\000e}{chapter.2}% 12
\BOOKMARK [1][-]{section.2.9}{\376\377\000F\000e\000n\000w\000i\000c\000k\000\040\000T\000r\000e\000e}{chapter.2}% 13
\BOOKMARK [1][-]{section.2.10}{\376\377\000S\000e\000g\000m\000e\000n\000t\000\040\000T\000r\000e\000e\000s}{chapter.2}% 14
\BOOKMARK [2][-]{subsection.2.10.1}{\376\377\000R\000e\000c\000u\000r\000s\000i\000v\000e\000\040\000S\000e\000g\000T\000r\000e\000e}{section.2.10}% 15
\BOOKMARK [2][-]{subsection.2.10.2}{\376\377\000I\000n\000v\000e\000r\000t\000e\000d\000\040\000S\000e\000g\000t\000r\000e\000e}{section.2.10}% 16
\BOOKMARK [2][-]{subsection.2.10.3}{\376\377\000L\000a\000z\000y\000\040\000S\000e\000g\000t\000r\000e\000e}{section.2.10}% 17
\BOOKMARK [2][-]{subsection.2.10.4}{\376\377\000P\000A\000\040\000S\000e\000g\000t\000r\000e\000e}{section.2.10}% 18
\BOOKMARK [2][-]{subsection.2.10.5}{\376\377\000P\000e\000r\000s\000i\000s\000t\000e\000n\000t\000\040\000S\000e\000g\000m\000e\000n\000t\000\040\000T\000r\000e\000e}{section.2.10}% 19
\BOOKMARK [2][-]{subsection.2.10.6}{\376\377\000S\000p\000a\000r\000s\000e\000\040\000S\000e\000g\000m\000e\000n\000t\000\040\000T\000r\000e\000e}{section.2.10}% 20
\BOOKMARK [1][-]{section.2.11}{\376\377\000T\000r\000e\000a\000p}{chapter.2}% 21
\BOOKMARK [0][-]{chapter.3}{\376\377\000D\000y\000n\000a\000m\000i\000c\000\040\000P\000r\000o\000g\000r\000a\000m\000m\000i\000n\000g}{}% 22
\BOOKMARK [1][-]{section.3.1}{\376\377\000L\000o\000n\000g\000e\000s\000t\000\040\000I\000n\000c\000r\000e\000a\000s\000i\000n\000g\000\040\000S\000u\000b\000s\000e\000q\000u\000e\000n\000c\000e}{chapter.3}% 23
\BOOKMARK [1][-]{section.3.2}{\376\377\000D\000i\000v\000i\000d\000e\000-\000C\000o\000n\000q\000u\000e\000r\000\040\000O\000p\000t\000i\000m\000i\000z\000a\000t\000i\000o\000n}{chapter.3}% 24
\BOOKMARK [1][-]{section.3.3}{\376\377\000K\000n\000u\000t\000h\000\040\000O\000p\000t\000i\000m\000i\000z\000a\000t\000i\000o\000n}{chapter.3}% 25
\BOOKMARK [2][-]{subsection.3.3.1}{\376\377\000C\000o\000n\000d\000i\000t\000i\000o\000n\000s}{section.3.3}% 26
\BOOKMARK [1][-]{section.3.4}{\376\377\000S\000l\000o\000p\000e\000\040\000O\000p\000t\000i\000m\000i\000z\000a\000t\000i\000o\000n\000s}{chapter.3}% 27
\BOOKMARK [2][-]{subsection.3.4.1}{\376\377\000C\000o\000n\000v\000e\000x\000\040\000H\000u\000l\000l\000\040\000T\000r\000i\000c\000k}{section.3.4}% 28
\BOOKMARK [2][-]{subsection.3.4.2}{\376\377\000L\000i\000-\000c\000h\000a\000o\000\040\000T\000r\000e\000e}{section.3.4}% 29
\BOOKMARK [2][-]{subsection.3.4.3}{\376\377\000S\000l\000o\000p\000e\000\040\000T\000r\000i\000c\000k}{section.3.4}% 30
\BOOKMARK [1][-]{section.3.5}{\376\377\000S\000O\000S\000\040\000D\000P}{chapter.3}% 31
\BOOKMARK [1][-]{section.3.6}{\376\377\000B\000i\000t\000\040\000o\000p\000t\000i\000m\000i\000z\000a\000t\000i\000o\000n}{chapter.3}% 32
\BOOKMARK [2][-]{subsection.3.6.1}{\376\377\000O\000p\000e\000r\000a\000t\000i\000o\000n\000s}{section.3.6}% 33
\BOOKMARK [2][-]{subsection.3.6.2}{\376\377\000B\000i\000t\000s\000e\000t}{section.3.6}% 34
\BOOKMARK [2][-]{subsection.3.6.3}{\376\377\000P\000r\000o\000b\000l\000e\000m\000s}{section.3.6}% 35
\BOOKMARK [1][-]{section.3.7}{\376\377\000K\000n\000a\000p\000s\000a\000c\000k\000s}{chapter.3}% 36
\BOOKMARK [2][-]{subsection.3.7.1}{\376\377\000F\000r\000a\000c\000t\000i\000o\000n\000a\000l\000\040\000K\000n\000a\000p\000s\000a\000c\000k}{section.3.7}% 37
\BOOKMARK [2][-]{subsection.3.7.2}{\376\377\0000\000/\0001\000\040\000K\000n\000a\000p\000s\000a\000c\000k}{section.3.7}% 38
\BOOKMARK [2][-]{subsection.3.7.3}{\376\377\000B\000o\000u\000n\000d\000e\000d\000\040\000K\000n\000a\000p\000s\000a\000c\000k}{section.3.7}% 39
\BOOKMARK [2][-]{subsection.3.7.4}{\376\377\0000\000/\0001\000\040\000K\000n\000a\000p\000s\000a\000c\000k\000\040\000w\000i\000t\000h\000\040\000l\000i\000m\000i\000t\000e\000d\000\040\000s\000u\000m\000m\000a\000t\000i\000o\000n}{section.3.7}% 40
\BOOKMARK [0][-]{chapter.4}{\376\377\000G\000a\000m\000e\000\040\000t\000h\000e\000o\000r\000y}{}% 41
\BOOKMARK [1][-]{section.4.1}{\376\377\000C\000l\000a\000s\000s\000i\000c\000\040\000G\000a\000m\000e}{chapter.4}% 42
\BOOKMARK [1][-]{section.4.2}{\376\377\000B\000o\000u\000t\000o\000n\000'\000s\000\040\000T\000h\000e\000o\000r\000e\000m}{chapter.4}% 43
\BOOKMARK [2][-]{subsection.4.2.1}{\376\377\000P\000r\000o\000o\000f}{section.4.2}% 44
\BOOKMARK [1][-]{section.4.3}{\376\377\000D\000A\000G\000\040\000R\000e\000p\000r\000e\000s\000e\000n\000t\000a\000t\000i\000o\000n}{chapter.4}% 45
\BOOKMARK [1][-]{section.4.4}{\376\377\000S\000p\000r\000a\000g\000u\000e\000-\000G\000r\000u\000n\000d\000y\000\040\000T\000h\000e\000o\000r\000e\000m}{chapter.4}% 46
\BOOKMARK [2][-]{subsection.4.4.1}{\376\377\000C\000o\000m\000p\000o\000s\000i\000t\000i\000o\000n}{section.4.4}% 47
\BOOKMARK [2][-]{subsection.4.4.2}{\376\377\000D\000e\000c\000o\000m\000p\000o\000s\000i\000t\000i\000o\000n}{section.4.4}% 48
\BOOKMARK [1][-]{section.4.5}{\376\377\000V\000a\000r\000i\000a\000t\000i\000o\000n\000s\000\040\000a\000n\000d\000\040\000E\000x\000t\000e\000n\000s\000i\000o\000n\000s}{chapter.4}% 49
\BOOKMARK [2][-]{subsection.4.5.1}{\376\377\000N\000i\000m\000\040\000w\000i\000t\000h\000\040\000I\000n\000c\000r\000e\000a\000s\000e\000s}{section.4.5}% 50
\BOOKMARK [1][-]{section.4.6}{\376\377\000M\000i\000s\000\350\000r\000e\000\040\000G\000a\000m\000e}{chapter.4}% 51
\BOOKMARK [1][-]{section.4.7}{\376\377\000S\000t\000a\000i\000r\000c\000a\000s\000e\000\040\000N\000i\000m}{chapter.4}% 52
\BOOKMARK [2][-]{subsection.4.7.1}{\376\377\000D\000e\000s\000c\000r\000i\000p\000t\000i\000o\000n}{section.4.7}% 53
\BOOKMARK [2][-]{subsection.4.7.2}{\376\377\000S\000t\000r\000a\000t\000e\000g\000y}{section.4.7}% 54
\BOOKMARK [1][-]{section.4.8}{\376\377\000G\000r\000u\000n\000d\000y\000'\000s\000\040\000G\000a\000m\000e}{chapter.4}% 55
\BOOKMARK [2][-]{subsection.4.8.1}{\376\377\000D\000e\000g\000e\000n\000e\000r\000a\000t\000e\000\040\000\050\000B\000a\000s\000e\000\051\000\040\000S\000t\000a\000t\000e\000s}{section.4.8}% 56
\BOOKMARK [2][-]{subsection.4.8.2}{\376\377\000O\000t\000h\000e\000r\000\040\000S\000t\000a\000t\000e\000s}{section.4.8}% 57
\BOOKMARK [3][-]{section*.1}{\376\377\000E\000x\000a\000m\000p\000l\000e\000s}{subsection.4.8.2}% 58
\BOOKMARK [1][-]{section.4.9}{\376\377\000I\000n\000s\000t\000a\000-\000W\000i\000n\000n\000i\000n\000g\000\040\000S\000t\000a\000t\000e\000s}{chapter.4}% 59
\BOOKMARK [0][-]{chapter.5}{\376\377\000G\000e\000o\000m\000e\000t\000r\000y}{}% 60
\BOOKMARK [1][-]{section.5.1}{\376\377\000P\000o\000i\000n\000t\000\040\000S\000t\000r\000u\000c\000t}{chapter.5}% 61
\BOOKMARK [1][-]{section.5.2}{\376\377\000L\000i\000n\000e\000\040\000S\000t\000r\000u\000c\000t}{chapter.5}% 62
\BOOKMARK [1][-]{section.5.3}{\376\377\000I\000n\000s\000i\000d\000e\000\040\000P\000o\000l\000y\000g\000o\000n}{chapter.5}% 63
\BOOKMARK [1][-]{section.5.4}{\376\377\000C\000o\000n\000v\000e\000x\000\040\000H\000u\000l\000l}{chapter.5}% 64
\BOOKMARK [1][-]{section.5.5}{\376\377\000M\000a\000n\000h\000a\000t\000t\000a\000n\000\040\000M\000i\000n\000i\000m\000u\000m\000\040\000S\000p\000a\000n\000n\000i\000n\000g\000\040\000T\000r\000e\000e}{chapter.5}% 65
\BOOKMARK [0][-]{chapter.6}{\376\377\000G\000r\000a\000p\000h}{}% 66
\BOOKMARK [1][-]{section.6.1}{\376\377\000F\000u\000n\000d\000a\000m\000e\000n\000t\000a\000l\000s}{chapter.6}% 67
\BOOKMARK [1][-]{section.6.2}{\376\377\000N\000e\000t\000w\000o\000r\000k\000\040\000f\000l\000o\000w}{chapter.6}% 68
\BOOKMARK [2][-]{subsection.6.2.1}{\376\377\000M\000a\000t\000c\000h\000i\000n\000g\000\040\000w\000i\000t\000h\000\040\000F\000l\000o\000w}{section.6.2}% 69
\BOOKMARK [2][-]{subsection.6.2.2}{\376\377\000M\000i\000n\000i\000m\000u\000m\000\040\000C\000u\000t}{section.6.2}% 70
\BOOKMARK [2][-]{subsection.6.2.3}{\376\377\000M\000i\000n\000i\000m\000u\000m\000\040\000V\000e\000r\000t\000e\000x\000\040\000C\000o\000v\000e\000r}{section.6.2}% 71
\BOOKMARK [2][-]{subsection.6.2.4}{\376\377\000M\000a\000x\000i\000m\000u\000m\000\040\000I\000n\000d\000e\000p\000e\000n\000d\000e\000n\000t\000\040\000S\000e\000t}{section.6.2}% 72
\BOOKMARK [2][-]{subsection.6.2.5}{\376\377\000M\000i\000n\000\040\000C\000o\000s\000t\000\040\000M\000a\000x\000\040\000F\000l\000o\000w}{section.6.2}% 73
\BOOKMARK [2][-]{subsection.6.2.6}{\376\377\000H\000u\000n\000g\000a\000r\000i\000a\000n}{section.6.2}% 74
\BOOKMARK [1][-]{section.6.3}{\376\377\000C\000o\000l\000o\000r\000i\000n\000g}{chapter.6}% 75
\BOOKMARK [2][-]{subsection.6.3.1}{\376\377\000C\000o\000m\000p\000u\000t\000e\000\040\000t\000h\000e\000\040\000C\000h\000r\000o\000m\000a\000t\000i\000c\000\040\000N\000u\000m\000b\000e\000r}{section.6.3}% 76
\BOOKMARK [1][-]{section.6.4}{\376\377\000S\000h\000o\000r\000t\000e\000s\000t\000\040\000P\000a\000t\000h\000s}{chapter.6}% 77
\BOOKMARK [2][-]{subsection.6.4.1}{\376\377\000D\000i\000j\000k\000s\000t\000r\000a}{section.6.4}% 78
\BOOKMARK [2][-]{subsection.6.4.2}{\376\377\000B\000e\000l\000l\000m\000a\000n\000-\000F\000o\000r\000d}{section.6.4}% 79
\BOOKMARK [2][-]{subsection.6.4.3}{\376\377\000F\000l\000o\000y\000d\000\040\000W\000a\000r\000s\000h\000a\000l\000l}{section.6.4}% 80
\BOOKMARK [1][-]{section.6.5}{\376\377\000E\000u\000l\000e\000r\000i\000a\000n\000\040\000P\000a\000t\000h}{chapter.6}% 81
\BOOKMARK [1][-]{section.6.6}{\376\377\000U\000n\000d\000i\000r\000e\000c\000t\000e\000d\000\040\000G\000r\000a\000p\000h}{chapter.6}% 82
\BOOKMARK [2][-]{subsection.6.6.1}{\376\377\000B\000r\000i\000d\000g\000e\000s\000\040\000\050\000C\000u\000t\000\040\000E\000d\000g\000e\000s\000\051}{section.6.6}% 83
\BOOKMARK [2][-]{subsection.6.6.2}{\376\377\000B\000r\000i\000d\000g\000e\000\040\000T\000r\000e\000e}{section.6.6}% 84
\BOOKMARK [2][-]{subsection.6.6.3}{\376\377\000A\000r\000t\000i\000c\000u\000l\000a\000t\000i\000o\000n\000\040\000P\000o\000i\000n\000t\000s}{section.6.6}% 85
\BOOKMARK [2][-]{subsection.6.6.4}{\376\377\000B\000l\000o\000c\000k\000\040\000C\000u\000t\000\040\000T\000r\000e\000e}{section.6.6}% 86
\BOOKMARK [2][-]{subsection.6.6.5}{\376\377\000S\000t\000r\000o\000n\000g\000\040\000O\000r\000i\000e\000n\000t\000a\000t\000i\000o\000n}{section.6.6}% 87
\BOOKMARK [3][-]{section*.2}{\376\377\000A\000c\000y\000c\000l\000i\000c\000\040\000G\000r\000a\000p\000h\000\040\000O\000r\000i\000e\000n\000t\000a\000t\000i\000o\000n}{subsection.6.6.5}% 88
\BOOKMARK [1][-]{section.6.7}{\376\377\000D\000i\000r\000e\000c\000t\000e\000d\000\040\000G\000r\000a\000p\000h}{chapter.6}% 89
\BOOKMARK [2][-]{subsection.6.7.1}{\376\377\000F\000u\000n\000c\000t\000i\000o\000n\000a\000l\000\040\000G\000r\000a\000p\000h}{section.6.7}% 90
\BOOKMARK [2][-]{subsection.6.7.2}{\376\377\000T\000o\000p\000o\000l\000o\000g\000i\000c\000a\000l\000\040\000S\000o\000r\000t}{section.6.7}% 91
\BOOKMARK [2][-]{subsection.6.7.3}{\376\377\000K\000o\000s\000a\000r\000a\000j\000u}{section.6.7}% 92
\BOOKMARK [2][-]{subsection.6.7.4}{\376\377\0002\000-\000S\000A\000T}{section.6.7}% 93
\BOOKMARK [1][-]{section.6.8}{\376\377\000M\000i\000n\000i\000m\000u\000m\000\040\000S\000p\000a\000n\000n\000i\000n\000g\000\040\000T\000r\000e\000e}{chapter.6}% 94
\BOOKMARK [2][-]{subsection.6.8.1}{\376\377\000U\000n\000d\000i\000r\000e\000c\000t\000e\000d\000\040\000M\000i\000n\000i\000m\000u\000m\000\040\000S\000p\000a\000n\000n\000i\000n\000g\000\040\000T\000r\000e\000e}{section.6.8}% 95
\BOOKMARK [2][-]{subsection.6.8.2}{\376\377\000D\000i\000r\000e\000c\000t\000e\000d\000\040\000M\000i\000n\000i\000m\000u\000m\000\040\000S\000p\000a\000n\000n\000i\000n\000g\000\040\000T\000r\000e\000e}{section.6.8}% 96
\BOOKMARK [3][-]{section*.3}{\376\377\000E\000d\000m\000o\000n\000d\000s\000'\000\040\000a\000l\000g\000o\000r\000i\000t\000h\000m\000\040\000w\000i\000t\000h\000\040\000T\000a\000r\000j\000a\000n\000'\000s\000\040\000o\000p\000t\000i\000m\000i\000z\000a\000t\000i\000o\000n}{subsection.6.8.2}% 97
\BOOKMARK [0][-]{chapter.7}{\376\377\000T\000r\000e\000e}{}% 98
\BOOKMARK [1][-]{section.7.1}{\376\377\000C\000e\000n\000t\000e\000r}{chapter.7}% 99
\BOOKMARK [1][-]{section.7.2}{\376\377\000C\000e\000n\000t\000r\000o\000i\000d}{chapter.7}% 100
\BOOKMARK [1][-]{section.7.3}{\376\377\000C\000e\000n\000t\000r\000o\000i\000d\000\040\000D\000e\000c\000o\000m\000p\000o\000s\000i\000t\000i\000o\000n}{chapter.7}% 101
\BOOKMARK [2][-]{subsection.7.3.1}{\376\377\000C\000e\000n\000t\000r\000o\000i\000d\000\040\000T\000r\000e\000e}{section.7.3}% 102
\BOOKMARK [1][-]{section.7.4}{\376\377\000T\000r\000e\000e\000\040\000I\000s\000o\000m\000o\000r\000p\000h\000i\000s\000m}{chapter.7}% 103
\BOOKMARK [1][-]{section.7.5}{\376\377\000L\000o\000w\000e\000s\000t\000\040\000C\000o\000m\000m\000o\000n\000\040\000A\000n\000c\000e\000s\000t\000o\000r\000\040\000\050\000L\000C\000A\000\051}{chapter.7}% 104
\BOOKMARK [1][-]{section.7.6}{\376\377\000S\000m\000a\000l\000l\000\040\000T\000o\000\040\000L\000a\000r\000g\000e}{chapter.7}% 105
\BOOKMARK [1][-]{section.7.7}{\376\377\000H\000e\000a\000v\000y\000\040\000L\000i\000g\000h\000t\000\040\000D\000e\000c\000o\000m\000p\000o\000s\000i\000t\000i\000o\000n}{chapter.7}% 106
\BOOKMARK [0][-]{chapter.8}{\376\377\000M\000a\000t\000h\000e\000m\000a\000t\000i\000c\000s}{}% 107
\BOOKMARK [1][-]{section.8.1}{\376\377\000M\000o\000d\000u\000l\000a\000r\000\040\000A\000r\000i\000t\000h\000m\000e\000t\000i\000c}{chapter.8}% 108
\BOOKMARK [2][-]{subsection.8.1.1}{\376\377\000L\000u\000c\000a\000s\000'\000s\000\040\000T\000h\000e\000o\000r\000e\000m}{section.8.1}% 109
\BOOKMARK [2][-]{subsection.8.1.2}{\376\377\000F\000e\000r\000m\000a\000t\000'\000s\000\040\000L\000i\000t\000t\000l\000e\000\040\000T\000h\000e\000o\000r\000e\000m}{section.8.1}% 110
\BOOKMARK [2][-]{subsection.8.1.3}{\376\377\000F\000a\000s\000t\000\040\000I\000t\000e\000r\000a\000t\000i\000v\000e\000\040\000E\000x\000p\000o\000n\000e\000n\000t\000i\000a\000t\000i\000o\000n}{section.8.1}% 111
\BOOKMARK [1][-]{section.8.2}{\376\377\000C\000o\000m\000b\000i\000n\000a\000t\000o\000r\000i\000c\000s}{chapter.8}% 112
\BOOKMARK [2][-]{subsection.8.2.1}{\376\377\000F\000a\000c\000t\000o\000r\000i\000a\000l}{section.8.2}% 113
\BOOKMARK [2][-]{subsection.8.2.2}{\376\377\000C\000o\000m\000b\000i\000n\000a\000t\000o\000r\000i\000a\000l\000\040\000S\000t\000r\000u\000c\000t}{section.8.2}% 114
\BOOKMARK [2][-]{subsection.8.2.3}{\376\377\000B\000u\000r\000s\000i\000d\000e\000\040\000L\000e\000m\000m\000a}{section.8.2}% 115
\BOOKMARK [2][-]{subsection.8.2.4}{\376\377\000I\000n\000t\000e\000r\000e\000s\000t\000i\000n\000g\000\040\000R\000e\000c\000u\000r\000s\000i\000o\000n}{section.8.2}% 116
\BOOKMARK [1][-]{section.8.3}{\376\377\000N\000u\000m\000b\000e\000r\000\040\000T\000h\000e\000o\000r\000y}{chapter.8}% 117
\BOOKMARK [2][-]{subsection.8.3.1}{\376\377\000H\000i\000g\000h\000l\000y\000\040\000C\000o\000m\000p\000o\000s\000i\000t\000e\000\040\000N\000u\000m\000b\000e\000r\000s}{section.8.3}% 118
\BOOKMARK [2][-]{subsection.8.3.2}{\376\377\000D\000i\000v\000i\000s\000i\000b\000i\000l\000i\000t\000y}{section.8.3}% 119
\BOOKMARK [3][-]{section*.4}{\376\377\000E\000u\000c\000l\000i\000d}{subsection.8.3.2}% 120
\BOOKMARK [3][-]{section*.5}{\376\377\000L\000e\000m\000a\000\040\0001\000\040\000-\000\040\000T\000r\000a\000n\000s\000i\000t\000i\000v\000i\000t\000y}{subsection.8.3.2}% 121
\BOOKMARK [3][-]{section*.6}{\376\377\000L\000e\000m\000a\000\040\0002}{subsection.8.3.2}% 122
\BOOKMARK [3][-]{section*.7}{\376\377\000L\000e\000m\000a\000\040\0003}{subsection.8.3.2}% 123
\BOOKMARK [3][-]{section*.8}{\376\377\000L\000e\000m\000a\000\040\0004}{subsection.8.3.2}% 124
\BOOKMARK [3][-]{section*.9}{\376\377\000L\000e\000m\000a\000\040\0005}{subsection.8.3.2}% 125
\BOOKMARK [3][-]{section*.10}{\376\377\000L\000e\000m\000a\000\040\0006}{subsection.8.3.2}% 126
\BOOKMARK [3][-]{section*.11}{\376\377\000G\000r\000e\000a\000t\000e\000s\000t\000\040\000C\000o\000m\000m\000o\000n\000\040\000D\000i\000v\000i\000s\000o\000r\000\040\000\050\000G\000C\000D\000\051}{subsection.8.3.2}% 127
\BOOKMARK [3][-]{section*.12}{\376\377\000L\000e\000a\000s\000t\000\040\000C\000o\000m\000m\000o\000m\000\040\000M\000u\000l\000t\000i\000p\000l\000e\000\040\000\050\000L\000C\000M\000\051}{subsection.8.3.2}% 128
\BOOKMARK [2][-]{subsection.8.3.3}{\376\377\000F\000i\000n\000d\000\040\000d\000i\000v\000i\000s\000o\000r\000s}{section.8.3}% 129
\BOOKMARK [2][-]{subsection.8.3.4}{\376\377\000C\000l\000o\000s\000e\000d\000\040\000F\000o\000r\000m\000u\000l\000a\000s\000\040\000r\000e\000l\000a\000t\000e\000d\000\040\000t\000o\000\040\000d\000i\000v\000i\000s\000o\000r\000s\000\040\000o\000f\000\040\000a\000\040\000n\000u\000m\000b\000e\000r}{section.8.3}% 130
\BOOKMARK [3][-]{section*.13}{\376\377\000N\000u\000m\000b\000e\000r\000\040\000o\000f\000\040\000D\000i\000v\000i\000s\000o\000r\000s}{subsection.8.3.4}% 131
\BOOKMARK [3][-]{section*.14}{\376\377\000S\000u\000m\000\040\000o\000f\000\040\000D\000i\000v\000i\000s\000o\000r\000s}{subsection.8.3.4}% 132
\BOOKMARK [3][-]{section*.15}{\376\377\000P\000r\000o\000d\000u\000c\000t\000\040\000o\000f\000\040\000D\000i\000v\000i\000s\000o\000r\000s}{subsection.8.3.4}% 133
\BOOKMARK [2][-]{subsection.8.3.5}{\376\377\000S\000i\000e\000v\000e\000s}{section.8.3}% 134
\BOOKMARK [3][-]{section*.16}{\376\377\000E\000r\000a\000t\000o\000s\000t\000h\000e\000n\000e\000s}{subsection.8.3.5}% 135
\BOOKMARK [3][-]{section*.17}{\376\377\000L\000i\000n\000e\000a\000r\000\040\000S\000i\000e\000v\000e}{subsection.8.3.5}% 136
\BOOKMARK [2][-]{subsection.8.3.6}{\376\377\000F\000a\000c\000t\000o\000r\000i\000z\000a\000t\000i\000o\000n}{section.8.3}% 137
\BOOKMARK [2][-]{subsection.8.3.7}{\376\377\000E\000x\000t\000e\000n\000d\000e\000d\000\040\000E\000u\000c\000l\000i\000d}{section.8.3}% 138
\BOOKMARK [3][-]{section*.18}{\376\377\000I\000n\000v\000e\000r\000s\000e\000\040\000M\000u\000l\000t\000i\000p\000l\000i\000c\000a\000t\000i\000v\000e}{subsection.8.3.7}% 139
\BOOKMARK [3][-]{section*.19}{\376\377\000D\000i\000o\000f\000a\000n\000t\000i\000n\000e\000\040\000E\000q\000u\000a\000t\000i\000o\000n}{subsection.8.3.7}% 140
\BOOKMARK [2][-]{subsection.8.3.8}{\376\377\000C\000h\000i\000n\000e\000s\000e\000\040\000R\000e\000m\000a\000i\000n\000d\000e\000r\000\040\000T\000h\000e\000o\000r\000e\000m}{section.8.3}% 141
\BOOKMARK [2][-]{subsection.8.3.9}{\376\377\000E\000u\000l\000e\000r\000'\000s\000\040\000t\000o\000t\000i\000e\000n\000t\000\040\000f\000u\000n\000c\000t\000i\000o\000n}{section.8.3}% 142
\BOOKMARK [1][-]{section.8.4}{\376\377\000F\000F\000T}{chapter.8}% 143
\BOOKMARK [1][-]{section.8.5}{\376\377\000M\000a\000t\000r\000i\000x}{chapter.8}% 144
\BOOKMARK [2][-]{subsection.8.5.1}{\376\377\000M\000i\000n\000i\000m\000u\000m\000\040\000P\000a\000t\000h\000\040\000L\000e\000n\000g\000t\000h\000\040\000w\000i\000t\000h\000\040\000e\000x\000a\000c\000t\000l\000y\000\040\000k\000\040\000e\000d\000g\000e\000s}{section.8.5}% 145
\BOOKMARK [1][-]{section.8.6}{\376\377\000S\000e\000r\000i\000e\000s\000\040\000C\000l\000o\000s\000e\000d\000\040\000F\000o\000r\000m\000u\000l\000a\000s}{chapter.8}% 146
\BOOKMARK [2][-]{subsection.8.6.1}{\376\377\000N\000a\000t\000u\000r\000a\000l\000\040\000N\000u\000m\000b\000e\000r\000\040\000S\000u\000m\000m\000a\000t\000i\000o\000n\000\040\000\050\000P\000A\000\051}{section.8.6}% 147
\BOOKMARK [2][-]{subsection.8.6.2}{\376\377\000N\000a\000t\000u\000r\000a\000l\000\040\000N\000u\000m\000b\000e\000r\000\040\000Q\000u\000a\000d\000r\000a\000t\000i\000c\000\040\000S\000u\000m\000m\000a\000t\000i\000o\000n}{section.8.6}% 148
\BOOKMARK [2][-]{subsection.8.6.3}{\376\377\000T\000r\000i\000a\000n\000g\000u\000l\000a\000r\000\040\000N\000u\000m\000b\000e\000r\000s\000\040\000S\000u\000m\000m\000a\000t\000i\000o\000n}{section.8.6}% 149
\BOOKMARK [1][-]{section.8.7}{\376\377\000X\000o\000r\000\040\000B\000a\000s\000i\000s}{chapter.8}% 150
\BOOKMARK [2][-]{subsection.8.7.1}{\376\377\000N\000o\000t\000e\000:}{section.8.7}% 151
\BOOKMARK [2][-]{subsection.8.7.2}{\376\377\000S\000o\000l\000v\000e\000s\000:}{section.8.7}% 152
\BOOKMARK [0][-]{chapter.9}{\376\377\000S\000t\000r\000i\000n\000g\000s}{}% 153
\BOOKMARK [1][-]{section.9.1}{\376\377\000H\000a\000s\000h\000i\000n\000g}{chapter.9}% 154
\BOOKMARK [1][-]{section.9.2}{\376\377\000Z\000-\000F\000u\000n\000c\000t\000i\000o\000n}{chapter.9}% 155
\BOOKMARK [1][-]{section.9.3}{\376\377\000K\000M\000P}{chapter.9}% 156
\BOOKMARK [2][-]{subsection.9.3.1}{\376\377\000P\000a\000t\000t\000e\000r\000n\000s\000\040\000i\000n\000\040\000a\000\040\000S\000t\000r\000i\000n\000g}{section.9.3}% 157
\BOOKMARK [1][-]{section.9.4}{\376\377\000S\000u\000f\000f\000i\000x\000\040\000A\000r\000r\000a\000y}{chapter.9}% 158
\BOOKMARK [1][-]{section.9.5}{\376\377\000M\000a\000n\000a\000c\000h\000e\000r}{chapter.9}% 159
\BOOKMARK [1][-]{section.9.6}{\376\377\000B\000o\000o\000t\000h}{chapter.9}% 160
\BOOKMARK [1][-]{section.9.7}{\376\377\000A\000h\000o\000-\000C\000o\000r\000a\000s\000i\000c\000k}{chapter.9}% 161
\BOOKMARK [1][-]{section.9.8}{\376\377\000S\000u\000f\000f\000i\000x\000\040\000A\000u\000t\000o\000m\000a\000t\000o\000n}{chapter.9}% 162
\BOOKMARK [2][-]{subsection.9.8.1}{\376\377\000C\000o\000n\000c\000e\000p\000t\000s\000:}{section.9.8}% 163
\BOOKMARK [2][-]{subsection.9.8.2}{\376\377\000I\000m\000p\000l\000e\000m\000e\000n\000t\000a\000t\000i\000o\000n\000:}{section.9.8}% 164
\BOOKMARK [0][-]{chapter.10}{\376\377\000M\000i\000s\000c\000e\000l\000l\000a\000n\000e\000o\000u\000s}{}% 165
\BOOKMARK [1][-]{section.10.1}{\376\377\000T\000e\000r\000n\000a\000r\000y\000\040\000S\000e\000a\000r\000c\000h}{chapter.10}% 166
\BOOKMARK [1][-]{section.10.2}{\376\377\000R\000a\000n\000d\000o\000m\000\040\000G\000e\000n\000e\000r\000a\000t\000o\000r}{chapter.10}% 167
\BOOKMARK [1][-]{section.10.3}{\376\377\000F\000r\000a\000c\000t\000i\000o\000n\000\040\000C\000l\000a\000s\000s}{chapter.10}% 168
\BOOKMARK [1][-]{section.10.4}{\376\377\000G\000e\000t\000l\000i\000n\000e}{chapter.10}% 169
\BOOKMARK [1][-]{section.10.5}{\376\377\000M\000e\000r\000g\000e\000\040\000S\000o\000r\000t}{chapter.10}% 170
\BOOKMARK [1][-]{section.10.6}{\376\377\000R\000o\000u\000n\000d\000i\000n\000g\000\040\000H\000a\000l\000f\000\040\000t\000o\000\040\000E\000v\000e\000n}{chapter.10}% 171
\BOOKMARK [1][-]{section.10.7}{\376\377\000X\000o\000r\000\040\000H\000a\000s\000h\000i\000n\000g\000\040\000a\000\040\000S\000e\000t}{chapter.10}% 172
\BOOKMARK [1][-]{section.10.8}{\376\377\000C\000o\000u\000n\000t\000\040\000B\000i\000t\000s\000\040\000i\000n\000\040\000a\000\040\000r\000a\000n\000g\000e}{chapter.10}% 173
\BOOKMARK [1][-]{section.10.9}{\376\377\000C\000o\000u\000n\000t\000\040\000D\000i\000g\000i\000t\000s\000\040\000i\000n\000\040\000a\000\040\000r\000a\000n\000g\000e}{chapter.10}% 174
\BOOKMARK [1][-]{section.10.10}{\376\377\000C\000o\000u\000t\000i\000n\000g\000\040\000B\000i\000s\000h\000o\000p\000s}{chapter.10}% 175
